<?xml version="1.0" encoding="UTF-8"?>
<!-- Generated by org.testng.reporters.JUnitXMLReporter -->
<testsuite ignored="0" hostname="LAPTOP-BG1H6HQE" failures="1" tests="7" name="Test" time="114.25" errors="0" timestamp="24 May 2020 15:51:39 GMT">
  <testcase classname="com.rediff.testcases.InboxPageTest" name="onClickItemTest" time="0.94"/>
  <testcase classname="com.rediff.testcases.InboxPageTest" name="profileVerificationTest" time="3.43"/>
  <testcase classname="com.rediff.testcases.HomePageTest" name="onClickSignInTest" time="0.942"/>
  <testcase classname="com.rediff.testcases.SignInTest" name="onSuccessfulLoginTest" time="2.299"/>
  <testcase classname="com.rediff.testcases.HomePageTest" name="getTitleHomeTest" time="0.014">
    <failure type="java.lang.AssertionError" message="expected [Rediff.com: News | Rediffmail1 | Stock Quotes | Shopping] but found [Rediff.com: News | Rediffmail | Stock Quotes | Shopping]">
      <![CDATA[java.lang.AssertionError: expected [Rediff.com: News | Rediffmail1 | Stock Quotes | Shopping] but found [Rediff.com: News | Rediffmail | Stock Quotes | Shopping]
at com.rediff.testcases.HomePageTest.getTitleHomeTest(HomePageTest.java:40)
... Removed 31 stack frames]]>
    </failure>
  </testcase> <!-- getTitleHomeTest -->
  <testcase classname="com.rediff.testcases.SignInTest" name="getTitleSigninTest" time="1.556"/>
  <testcase classname="com.rediff.testcases.HomePageTest" name="onClickSignupTest" time="0.223"/>
</testsuite> <!-- Test -->
