<?xml version="1.0" encoding="UTF-8"?>
<!-- Generated by org.testng.reporters.JUnitXMLReporter -->
<testsuite ignored="0" hostname="LAPTOP-BG1H6HQE" failures="1" tests="7" name="Test" time="121.135" errors="0" timestamp="25 May 2020 09:21:03 GMT">
  <testcase classname="com.rediff.testcases.InboxPageTest" name="onClickItemTest" time="4.408"/>
  <testcase classname="com.rediff.testcases.InboxPageTest" name="profileVerificationTest" time="4.145"/>
  <testcase classname="com.rediff.testcases.HomePageTest" name="onClickSignInTest" time="0.091"/>
  <testcase classname="com.rediff.testcases.SignInTest" name="onSuccessfulLoginTest" time="4.749"/>
  <testcase classname="com.rediff.testcases.HomePageTest" name="getTitleHomeTest" time="0.012">
    <failure type="java.lang.AssertionError" message="expected [Rediff.com: News | Rediffmail1 | Stock Quotes | Shopping] but found [Rediff.com: News | Rediffmail | Stock Quotes | Shopping]">
      <![CDATA[java.lang.AssertionError: expected [Rediff.com: News | Rediffmail1 | Stock Quotes | Shopping] but found [Rediff.com: News | Rediffmail | Stock Quotes | Shopping]
at com.rediff.testcases.HomePageTest.getTitleHomeTest(HomePageTest.java:40)
... Removed 35 stack frames]]>
    </failure>
  </testcase> <!-- getTitleHomeTest -->
  <testcase classname="com.rediff.testcases.SignInTest" name="getTitleSigninTest" time="1.519"/>
  <testcase classname="com.rediff.testcases.HomePageTest" name="onClickSignupTest" time="2.493"/>
</testsuite> <!-- Test -->
