<?xml version="1.0" encoding="UTF-8"?>
<testng-results ignored="0" total="7" passed="6" failed="1" skipped="0">
  <reporter-output>
  </reporter-output>
  <suite started-at="2020-05-25T09:19:02Z" name="Suite" finished-at="2020-05-25T09:21:03Z" duration-ms="121135">
    <groups>
    </groups>
    <test started-at="2020-05-25T09:19:02Z" name="Test" finished-at="2020-05-25T09:21:03Z" duration-ms="121135">
      <class name="com.rediff.testcases.SignInTest">
        <test-method is-config="true" signature="setUp()[pri:0, instance:com.rediff.testcases.SignInTest@42f3156d]" started-at="2020-05-25T09:19:55Z" name="setUp" finished-at="2020-05-25T09:20:07Z" duration-ms="12459" status="PASS">
          <reporter-output>
          </reporter-output>
        </test-method> <!-- setUp -->
        <test-method signature="onSuccessfulLoginTest()[pri:1, instance:com.rediff.testcases.SignInTest@42f3156d]" started-at="2020-05-25T09:20:07Z" name="onSuccessfulLoginTest" finished-at="2020-05-25T09:20:12Z" duration-ms="4749" status="PASS">
          <reporter-output>
          </reporter-output>
        </test-method> <!-- onSuccessfulLoginTest -->
        <test-method is-config="true" signature="tearDown()[pri:0, instance:com.rediff.testcases.SignInTest@42f3156d]" started-at="2020-05-25T09:20:12Z" name="tearDown" finished-at="2020-05-25T09:20:13Z" duration-ms="698" status="PASS">
          <reporter-output>
          </reporter-output>
        </test-method> <!-- tearDown -->
        <test-method is-config="true" signature="setUp()[pri:0, instance:com.rediff.testcases.SignInTest@42f3156d]" started-at="2020-05-25T09:20:28Z" name="setUp" finished-at="2020-05-25T09:20:39Z" duration-ms="10906" status="PASS">
          <reporter-output>
          </reporter-output>
        </test-method> <!-- setUp -->
        <test-method signature="getTitleSigninTest()[pri:2, instance:com.rediff.testcases.SignInTest@42f3156d]" started-at="2020-05-25T09:20:39Z" name="getTitleSigninTest" finished-at="2020-05-25T09:20:41Z" duration-ms="1519" status="PASS">
          <reporter-output>
          </reporter-output>
        </test-method> <!-- getTitleSigninTest -->
        <test-method is-config="true" signature="tearDown()[pri:0, instance:com.rediff.testcases.SignInTest@42f3156d]" started-at="2020-05-25T09:20:41Z" name="tearDown" finished-at="2020-05-25T09:20:41Z" duration-ms="660" status="PASS">
          <reporter-output>
          </reporter-output>
        </test-method> <!-- tearDown -->
      </class> <!-- com.rediff.testcases.SignInTest -->
      <class name="com.rediff.testcases.InboxPageTest">
        <test-method is-config="true" signature="setUp()[pri:0, instance:com.rediff.testcases.InboxPageTest@1ddae9b5]" started-at="2020-05-25T09:19:02Z" name="setUp" finished-at="2020-05-25T09:19:19Z" duration-ms="17152" status="PASS">
          <reporter-output>
          </reporter-output>
        </test-method> <!-- setUp -->
        <test-method signature="onClickItemTest()[pri:0, instance:com.rediff.testcases.InboxPageTest@1ddae9b5]" started-at="2020-05-25T09:19:19Z" name="onClickItemTest" finished-at="2020-05-25T09:19:23Z" duration-ms="4408" status="PASS">
          <reporter-output>
          </reporter-output>
        </test-method> <!-- onClickItemTest -->
        <test-method is-config="true" signature="tearDown()[pri:0, instance:com.rediff.testcases.InboxPageTest@1ddae9b5]" started-at="2020-05-25T09:19:23Z" name="tearDown" finished-at="2020-05-25T09:19:24Z" duration-ms="663" status="PASS">
          <reporter-output>
          </reporter-output>
        </test-method> <!-- tearDown -->
        <test-method is-config="true" signature="setUp()[pri:0, instance:com.rediff.testcases.InboxPageTest@1ddae9b5]" started-at="2020-05-25T09:19:24Z" name="setUp" finished-at="2020-05-25T09:19:39Z" duration-ms="14439" status="PASS">
          <reporter-output>
          </reporter-output>
        </test-method> <!-- setUp -->
        <test-method signature="profileVerificationTest()[pri:0, instance:com.rediff.testcases.InboxPageTest@1ddae9b5]" started-at="2020-05-25T09:19:39Z" name="profileVerificationTest" finished-at="2020-05-25T09:19:43Z" duration-ms="4145" status="PASS">
          <reporter-output>
          </reporter-output>
        </test-method> <!-- profileVerificationTest -->
        <test-method is-config="true" signature="tearDown()[pri:0, instance:com.rediff.testcases.InboxPageTest@1ddae9b5]" started-at="2020-05-25T09:19:43Z" name="tearDown" finished-at="2020-05-25T09:19:43Z" duration-ms="672" status="PASS">
          <reporter-output>
          </reporter-output>
        </test-method> <!-- tearDown -->
      </class> <!-- com.rediff.testcases.InboxPageTest -->
      <class name="com.rediff.testcases.HomePageTest">
        <test-method is-config="true" signature="setUp()[pri:0, instance:com.rediff.testcases.HomePageTest@1d7f7be7]" started-at="2020-05-25T09:19:43Z" name="setUp" finished-at="2020-05-25T09:19:54Z" duration-ms="10853" status="PASS">
          <reporter-output>
          </reporter-output>
        </test-method> <!-- setUp -->
        <test-method signature="onClickSignInTest()[pri:1, instance:com.rediff.testcases.HomePageTest@1d7f7be7]" started-at="2020-05-25T09:19:54Z" name="onClickSignInTest" finished-at="2020-05-25T09:19:54Z" duration-ms="91" status="PASS">
          <reporter-output>
          </reporter-output>
        </test-method> <!-- onClickSignInTest -->
        <test-method is-config="true" signature="tearDown()[pri:0, instance:com.rediff.testcases.HomePageTest@1d7f7be7]" started-at="2020-05-25T09:19:54Z" name="tearDown" finished-at="2020-05-25T09:19:55Z" duration-ms="664" status="PASS">
          <reporter-output>
          </reporter-output>
        </test-method> <!-- tearDown -->
        <test-method is-config="true" signature="setUp()[pri:0, instance:com.rediff.testcases.HomePageTest@1d7f7be7]" started-at="2020-05-25T09:20:13Z" name="setUp" finished-at="2020-05-25T09:20:25Z" duration-ms="12271" status="PASS">
          <reporter-output>
          </reporter-output>
        </test-method> <!-- setUp -->
        <test-method signature="getTitleHomeTest()[pri:2, instance:com.rediff.testcases.HomePageTest@1d7f7be7]" started-at="2020-05-25T09:20:25Z" name="getTitleHomeTest" finished-at="2020-05-25T09:20:25Z" duration-ms="12" status="FAIL">
          <exception class="java.lang.AssertionError">
            <message>
              <![CDATA[expected [Rediff.com: News | Rediffmail1 | Stock Quotes | Shopping] but found [Rediff.com: News | Rediffmail | Stock Quotes | Shopping]]]>
            </message>
            <full-stacktrace>
              <![CDATA[java.lang.AssertionError: expected [Rediff.com: News | Rediffmail1 | Stock Quotes | Shopping] but found [Rediff.com: News | Rediffmail | Stock Quotes | Shopping]
at org.testng.Assert.fail(Assert.java:96)
at org.testng.Assert.failNotEquals(Assert.java:776)
at org.testng.Assert.assertEqualsImpl(Assert.java:137)
at org.testng.Assert.assertEquals(Assert.java:118)
at org.testng.Assert.assertEquals(Assert.java:453)
at org.testng.Assert.assertEquals(Assert.java:463)
at com.rediff.testcases.HomePageTest.getTitleHomeTest(HomePageTest.java:40)
at java.base/jdk.internal.reflect.NativeMethodAccessorImpl.invoke0(Native Method)
at java.base/jdk.internal.reflect.NativeMethodAccessorImpl.invoke(NativeMethodAccessorImpl.java:62)
at java.base/jdk.internal.reflect.DelegatingMethodAccessorImpl.invoke(DelegatingMethodAccessorImpl.java:43)
at java.base/java.lang.reflect.Method.invoke(Method.java:566)
at org.testng.internal.MethodInvocationHelper.invokeMethod(MethodInvocationHelper.java:124)
at org.testng.internal.Invoker.invokeMethod(Invoker.java:583)
at org.testng.internal.Invoker.invokeTestMethod(Invoker.java:719)
at org.testng.internal.Invoker.invokeTestMethods(Invoker.java:989)
at org.testng.internal.TestMethodWorker.invokeTestMethods(TestMethodWorker.java:125)
at org.testng.internal.TestMethodWorker.run(TestMethodWorker.java:109)
at org.testng.TestRunner.privateRun(TestRunner.java:648)
at org.testng.TestRunner.run(TestRunner.java:505)
at org.testng.SuiteRunner.runTest(SuiteRunner.java:455)
at org.testng.SuiteRunner.runSequentially(SuiteRunner.java:450)
at org.testng.SuiteRunner.privateRun(SuiteRunner.java:415)
at org.testng.SuiteRunner.run(SuiteRunner.java:364)
at org.testng.SuiteRunnerWorker.runSuite(SuiteRunnerWorker.java:52)
at org.testng.SuiteRunnerWorker.run(SuiteRunnerWorker.java:84)
at org.testng.TestNG.runSuitesSequentially(TestNG.java:1208)
at org.testng.TestNG.runSuitesLocally(TestNG.java:1137)
at org.testng.TestNG.runSuites(TestNG.java:1049)
at org.testng.TestNG.run(TestNG.java:1017)
at org.apache.maven.surefire.testng.TestNGExecutor.run(TestNGExecutor.java:283)
at org.apache.maven.surefire.testng.TestNGXmlTestSuite.execute(TestNGXmlTestSuite.java:75)
at org.apache.maven.surefire.testng.TestNGProvider.invoke(TestNGProvider.java:120)
at org.apache.maven.surefire.booter.ForkedBooter.invokeProviderInSameClassLoader(ForkedBooter.java:384)
at org.apache.maven.surefire.booter.ForkedBooter.runSuitesInProcess(ForkedBooter.java:345)
at org.apache.maven.surefire.booter.ForkedBooter.execute(ForkedBooter.java:126)
at org.apache.maven.surefire.booter.ForkedBooter.main(ForkedBooter.java:418)
]]>
            </full-stacktrace>
          </exception> <!-- java.lang.AssertionError -->
          <reporter-output>
          </reporter-output>
        </test-method> <!-- getTitleHomeTest -->
        <test-method is-config="true" signature="tearDown()[pri:0, instance:com.rediff.testcases.HomePageTest@1d7f7be7]" started-at="2020-05-25T09:20:28Z" name="tearDown" finished-at="2020-05-25T09:20:28Z" duration-ms="666" status="PASS">
          <reporter-output>
          </reporter-output>
        </test-method> <!-- tearDown -->
        <test-method is-config="true" signature="setUp()[pri:0, instance:com.rediff.testcases.HomePageTest@1d7f7be7]" started-at="2020-05-25T09:20:41Z" name="setUp" finished-at="2020-05-25T09:21:00Z" duration-ms="18324" status="PASS">
          <reporter-output>
          </reporter-output>
        </test-method> <!-- setUp -->
        <test-method signature="onClickSignupTest()[pri:3, instance:com.rediff.testcases.HomePageTest@1d7f7be7]" started-at="2020-05-25T09:21:00Z" name="onClickSignupTest" finished-at="2020-05-25T09:21:02Z" duration-ms="2493" status="PASS">
          <reporter-output>
          </reporter-output>
        </test-method> <!-- onClickSignupTest -->
        <test-method is-config="true" signature="tearDown()[pri:0, instance:com.rediff.testcases.HomePageTest@1d7f7be7]" started-at="2020-05-25T09:21:02Z" name="tearDown" finished-at="2020-05-25T09:21:03Z" duration-ms="663" status="PASS">
          <reporter-output>
          </reporter-output>
        </test-method> <!-- tearDown -->
      </class> <!-- com.rediff.testcases.HomePageTest -->
    </test> <!-- Test -->
  </suite> <!-- Suite -->
</testng-results>
