<?xml version="1.0" encoding="UTF-8"?>
<testng-results ignored="0" total="7" passed="6" failed="1" skipped="0">
  <reporter-output>
  </reporter-output>
  <suite started-at="2020-05-24T15:49:45Z" name="Suite" finished-at="2020-05-24T15:51:39Z" duration-ms="114250">
    <groups>
    </groups>
    <test started-at="2020-05-24T15:49:45Z" name="Test" finished-at="2020-05-24T15:51:39Z" duration-ms="114250">
      <class name="com.rediff.testcases.SignInTest">
        <test-method is-config="true" signature="setUp()[pri:0, instance:com.rediff.testcases.SignInTest@b672aa8]" started-at="2020-05-24T15:50:40Z" name="setUp" finished-at="2020-05-24T15:50:53Z" duration-ms="12344" status="PASS">
          <reporter-output>
          </reporter-output>
        </test-method> <!-- setUp -->
        <test-method signature="onSuccessfulLoginTest()[pri:1, instance:com.rediff.testcases.SignInTest@b672aa8]" started-at="2020-05-24T15:50:53Z" name="onSuccessfulLoginTest" finished-at="2020-05-24T15:50:55Z" duration-ms="2299" status="PASS">
          <reporter-output>
          </reporter-output>
        </test-method> <!-- onSuccessfulLoginTest -->
        <test-method is-config="true" signature="tearDown()[pri:0, instance:com.rediff.testcases.SignInTest@b672aa8]" started-at="2020-05-24T15:50:55Z" name="tearDown" finished-at="2020-05-24T15:50:56Z" duration-ms="788" status="PASS">
          <reporter-output>
          </reporter-output>
        </test-method> <!-- tearDown -->
        <test-method is-config="true" signature="setUp()[pri:0, instance:com.rediff.testcases.SignInTest@b672aa8]" started-at="2020-05-24T15:51:10Z" name="setUp" finished-at="2020-05-24T15:51:23Z" duration-ms="12514" status="PASS">
          <reporter-output>
          </reporter-output>
        </test-method> <!-- setUp -->
        <test-method signature="getTitleSigninTest()[pri:2, instance:com.rediff.testcases.SignInTest@b672aa8]" started-at="2020-05-24T15:51:23Z" name="getTitleSigninTest" finished-at="2020-05-24T15:51:24Z" duration-ms="1556" status="PASS">
          <reporter-output>
          </reporter-output>
        </test-method> <!-- getTitleSigninTest -->
        <test-method is-config="true" signature="tearDown()[pri:0, instance:com.rediff.testcases.SignInTest@b672aa8]" started-at="2020-05-24T15:51:24Z" name="tearDown" finished-at="2020-05-24T15:51:25Z" duration-ms="787" status="PASS">
          <reporter-output>
          </reporter-output>
        </test-method> <!-- tearDown -->
      </class> <!-- com.rediff.testcases.SignInTest -->
      <class name="com.rediff.testcases.InboxPageTest">
        <test-method is-config="true" signature="setUp()[pri:0, instance:com.rediff.testcases.InboxPageTest@2fab4aff]" started-at="2020-05-24T15:49:45Z" name="setUp" finished-at="2020-05-24T15:50:05Z" duration-ms="19864" status="PASS">
          <reporter-output>
          </reporter-output>
        </test-method> <!-- setUp -->
        <test-method signature="onClickItemTest()[pri:0, instance:com.rediff.testcases.InboxPageTest@2fab4aff]" started-at="2020-05-24T15:50:05Z" name="onClickItemTest" finished-at="2020-05-24T15:50:06Z" duration-ms="940" status="PASS">
          <reporter-output>
          </reporter-output>
        </test-method> <!-- onClickItemTest -->
        <test-method is-config="true" signature="tearDown()[pri:0, instance:com.rediff.testcases.InboxPageTest@2fab4aff]" started-at="2020-05-24T15:50:06Z" name="tearDown" finished-at="2020-05-24T15:50:07Z" duration-ms="782" status="PASS">
          <reporter-output>
          </reporter-output>
        </test-method> <!-- tearDown -->
        <test-method is-config="true" signature="setUp()[pri:0, instance:com.rediff.testcases.InboxPageTest@2fab4aff]" started-at="2020-05-24T15:50:07Z" name="setUp" finished-at="2020-05-24T15:50:21Z" duration-ms="14283" status="PASS">
          <reporter-output>
          </reporter-output>
        </test-method> <!-- setUp -->
        <test-method signature="profileVerificationTest()[pri:0, instance:com.rediff.testcases.InboxPageTest@2fab4aff]" started-at="2020-05-24T15:50:21Z" name="profileVerificationTest" finished-at="2020-05-24T15:50:24Z" duration-ms="3430" status="PASS">
          <reporter-output>
          </reporter-output>
        </test-method> <!-- profileVerificationTest -->
        <test-method is-config="true" signature="tearDown()[pri:0, instance:com.rediff.testcases.InboxPageTest@2fab4aff]" started-at="2020-05-24T15:50:24Z" name="tearDown" finished-at="2020-05-24T15:50:25Z" duration-ms="770" status="PASS">
          <reporter-output>
          </reporter-output>
        </test-method> <!-- tearDown -->
      </class> <!-- com.rediff.testcases.InboxPageTest -->
      <class name="com.rediff.testcases.HomePageTest">
        <test-method is-config="true" signature="setUp()[pri:0, instance:com.rediff.testcases.HomePageTest@6b5176f2]" started-at="2020-05-24T15:50:25Z" name="setUp" finished-at="2020-05-24T15:50:39Z" duration-ms="13440" status="PASS">
          <reporter-output>
          </reporter-output>
        </test-method> <!-- setUp -->
        <test-method signature="onClickSignInTest()[pri:1, instance:com.rediff.testcases.HomePageTest@6b5176f2]" started-at="2020-05-24T15:50:39Z" name="onClickSignInTest" finished-at="2020-05-24T15:50:40Z" duration-ms="942" status="PASS">
          <reporter-output>
          </reporter-output>
        </test-method> <!-- onClickSignInTest -->
        <test-method is-config="true" signature="tearDown()[pri:0, instance:com.rediff.testcases.HomePageTest@6b5176f2]" started-at="2020-05-24T15:50:40Z" name="tearDown" finished-at="2020-05-24T15:50:40Z" duration-ms="774" status="PASS">
          <reporter-output>
          </reporter-output>
        </test-method> <!-- tearDown -->
        <test-method is-config="true" signature="setUp()[pri:0, instance:com.rediff.testcases.HomePageTest@6b5176f2]" started-at="2020-05-24T15:50:56Z" name="setUp" finished-at="2020-05-24T15:51:08Z" duration-ms="12495" status="PASS">
          <reporter-output>
          </reporter-output>
        </test-method> <!-- setUp -->
        <test-method signature="getTitleHomeTest()[pri:2, instance:com.rediff.testcases.HomePageTest@6b5176f2]" started-at="2020-05-24T15:51:08Z" name="getTitleHomeTest" finished-at="2020-05-24T15:51:08Z" duration-ms="14" status="FAIL">
          <exception class="java.lang.AssertionError">
            <message>
              <![CDATA[expected [Rediff.com: News | Rediffmail1 | Stock Quotes | Shopping] but found [Rediff.com: News | Rediffmail | Stock Quotes | Shopping]]]>
            </message>
            <full-stacktrace>
              <![CDATA[java.lang.AssertionError: expected [Rediff.com: News | Rediffmail1 | Stock Quotes | Shopping] but found [Rediff.com: News | Rediffmail | Stock Quotes | Shopping]
at org.testng.Assert.fail(Assert.java:96)
at org.testng.Assert.failNotEquals(Assert.java:776)
at org.testng.Assert.assertEqualsImpl(Assert.java:137)
at org.testng.Assert.assertEquals(Assert.java:118)
at org.testng.Assert.assertEquals(Assert.java:453)
at org.testng.Assert.assertEquals(Assert.java:463)
at com.rediff.testcases.HomePageTest.getTitleHomeTest(HomePageTest.java:40)
at java.base/jdk.internal.reflect.NativeMethodAccessorImpl.invoke0(Native Method)
at java.base/jdk.internal.reflect.NativeMethodAccessorImpl.invoke(NativeMethodAccessorImpl.java:62)
at java.base/jdk.internal.reflect.DelegatingMethodAccessorImpl.invoke(DelegatingMethodAccessorImpl.java:43)
at java.base/java.lang.reflect.Method.invoke(Method.java:566)
at org.testng.internal.MethodInvocationHelper.invokeMethod(MethodInvocationHelper.java:124)
at org.testng.internal.Invoker.invokeMethod(Invoker.java:583)
at org.testng.internal.Invoker.invokeTestMethod(Invoker.java:719)
at org.testng.internal.Invoker.invokeTestMethods(Invoker.java:989)
at org.testng.internal.TestMethodWorker.invokeTestMethods(TestMethodWorker.java:125)
at org.testng.internal.TestMethodWorker.run(TestMethodWorker.java:109)
at org.testng.TestRunner.privateRun(TestRunner.java:648)
at org.testng.TestRunner.run(TestRunner.java:505)
at org.testng.SuiteRunner.runTest(SuiteRunner.java:455)
at org.testng.SuiteRunner.runSequentially(SuiteRunner.java:450)
at org.testng.SuiteRunner.privateRun(SuiteRunner.java:415)
at org.testng.SuiteRunner.run(SuiteRunner.java:364)
at org.testng.SuiteRunnerWorker.runSuite(SuiteRunnerWorker.java:52)
at org.testng.SuiteRunnerWorker.run(SuiteRunnerWorker.java:84)
at org.testng.TestNG.runSuitesSequentially(TestNG.java:1208)
at org.testng.TestNG.runSuitesLocally(TestNG.java:1137)
at org.testng.TestNG.runSuites(TestNG.java:1049)
at org.testng.TestNG.run(TestNG.java:1017)
at org.testng.remote.AbstractRemoteTestNG.run(AbstractRemoteTestNG.java:115)
at org.testng.remote.RemoteTestNG.initAndRun(RemoteTestNG.java:251)
at org.testng.remote.RemoteTestNG.main(RemoteTestNG.java:77)
]]>
            </full-stacktrace>
          </exception> <!-- java.lang.AssertionError -->
          <reporter-output>
          </reporter-output>
        </test-method> <!-- getTitleHomeTest -->
        <test-method is-config="true" signature="tearDown()[pri:0, instance:com.rediff.testcases.HomePageTest@6b5176f2]" started-at="2020-05-24T15:51:10Z" name="tearDown" finished-at="2020-05-24T15:51:10Z" duration-ms="761" status="PASS">
          <reporter-output>
          </reporter-output>
        </test-method> <!-- tearDown -->
        <test-method is-config="true" signature="setUp()[pri:0, instance:com.rediff.testcases.HomePageTest@6b5176f2]" started-at="2020-05-24T15:51:25Z" name="setUp" finished-at="2020-05-24T15:51:38Z" duration-ms="13042" status="PASS">
          <reporter-output>
          </reporter-output>
        </test-method> <!-- setUp -->
        <test-method signature="onClickSignupTest()[pri:3, instance:com.rediff.testcases.HomePageTest@6b5176f2]" started-at="2020-05-24T15:51:38Z" name="onClickSignupTest" finished-at="2020-05-24T15:51:39Z" duration-ms="223" status="PASS">
          <reporter-output>
          </reporter-output>
        </test-method> <!-- onClickSignupTest -->
        <test-method is-config="true" signature="tearDown()[pri:0, instance:com.rediff.testcases.HomePageTest@6b5176f2]" started-at="2020-05-24T15:51:39Z" name="tearDown" finished-at="2020-05-24T15:51:39Z" duration-ms="791" status="PASS">
          <reporter-output>
          </reporter-output>
        </test-method> <!-- tearDown -->
      </class> <!-- com.rediff.testcases.HomePageTest -->
    </test> <!-- Test -->
  </suite> <!-- Suite -->
</testng-results>
